<?xml version="1.0" encoding="UTF-8"?>
<!-- Generated by org.testng.reporters.JUnitXMLReporter -->
<testsuite hostname="DESKTOP-TU76DCC" ignored="0" name="ContinueToPayment" tests="1" failures="1" timestamp="26 Jul 2018 03:24:25 GMT" time="13.421" errors="0">
  <testcase name="ContinueToPayment" time="12.658" classname="SystemMailTracking.testcases.SessionSuite.ContinueToPaymentTest">
    <failure type="java.lang.reflect.InvocationTargetException">
      <![CDATA[java.lang.reflect.InvocationTargetException
at SystemMailTracking.driver.DriverScript.executeKeywords(DriverScript.java:49)
at SystemMailTracking.testcases.SessionSuite.ContinueToPaymentTest.ContinueToPayment(ContinueToPaymentTest.java:24)
Caused by: java.lang.AssertionError: The following asserts failed:
Failed to do payment during account creation
at SystemMailTracking.keywords.GenericKeywords.reportFailure(GenericKeywords.java:362)
at SystemMailTracking.keywords.AppKeywords.VerifyNewAccountwithPayment(AppKeywords.java:200)
... 32 more
... Removed 31 stack frames]]>
    </failure>
  </testcase> <!-- ContinueToPayment -->
</testsuite> <!-- ContinueToPayment -->
