<?xml version="1.0" encoding="UTF-8"?>
<!-- Generated by org.testng.reporters.JUnitXMLReporter -->
<testsuite hostname="DESKTOP-TU76DCC" ignored="0" name="Send Optin Email" tests="1" failures="1" timestamp="26 Jul 2018 03:24:59 GMT" time="34.092" errors="0">
  <testcase name="AddNewContactOptin" time="33.354" classname="SystemMailTracking.testcases.SystemEmails.AddNewContactOptinTest">
    <failure type="java.lang.reflect.InvocationTargetException">
      <![CDATA[java.lang.reflect.InvocationTargetException
at SystemMailTracking.driver.DriverScript.executeKeywords(DriverScript.java:49)
at SystemMailTracking.testcases.SystemEmails.AddNewContactOptinTest.AddNewContactOptin(AddNewContactOptinTest.java:27)
Caused by: java.lang.AssertionError: The following asserts failed:
Object Not Found CreateNewContactButton_xpath,
Failed to Create a new contact
at SystemMailTracking.keywords.GenericKeywords.reportFailure(GenericKeywords.java:362)
at SystemMailTracking.keywords.AppKeywords.verifyAddingNewContact(AppKeywords.java:388)
... 32 more
... Removed 31 stack frames]]>
    </failure>
  </testcase> <!-- AddNewContactOptin -->
</testsuite> <!-- Send Optin Email -->
